Arguments: 
  C:\Program Files\nodejs\node.exe C:\Users\Administrator\AppData\Roaming\npm\node_modules\yarn\bin\yarn.js add serailport

PATH: 
  C:\Windows\system32;C:\Windows;C:\Windows\System32\Wbem;C:\Windows\System32\WindowsPowerShell\v1.0\;C:\Windows\System32\OpenSSH\;C:\Program Files\dotnet\;C:\Program Files\Microsoft SQL Server\130\Tools\Binn\;C:\Program Files\Microsoft SQL Server\Client SDK\ODBC\170\Tools\Binn\;C:\Program Files\Git\cmd;C:\Program Files\TortoiseSVN\bin;C:\Program Files\Android\Android Studio\jre\bin;C:\apache-maven-3.6.1\bin;C:\Users\Administrator\AppData\Local\Android\Sdk\platform-tools;C:\Program Files\MariaDB 10.3\bin;C:\Program Files\nodejs\;D:\mciProjects\electron-v6.0.3-win32-x64;C:\Users\Administrator\AppData\Local\Microsoft\WindowsApps;;C:\Users\Administrator\AppData\Local\Programs\Microsoft VS Code\bin;C:\Program Files\JetBrains\IntelliJ IDEA Community Edition 2019.2\bin;;C:\Program Files\JetBrains\IntelliJ IDEA 2019.2\bin;;C:\Users\Administrator\AppData\Roaming\npm;C:\Users\Administrator\.dotnet\tools

Yarn version: 
  1.17.3

Node version: 
  12.7.0

Platform: 
  win32 x64

Trace: 
  Error: https://registry.npm.taobao.org/serailport: Not found
      at Request.params.callback [as _callback] (C:\Users\Administrator\AppData\Roaming\npm\node_modules\yarn\lib\cli.js:66830:18)
      at Request.self.callback (C:\Users\Administrator\AppData\Roaming\npm\node_modules\yarn\lib\cli.js:140464:22)
      at Request.emit (events.js:203:13)
      at Request.<anonymous> (C:\Users\Administrator\AppData\Roaming\npm\node_modules\yarn\lib\cli.js:141436:10)
      at Request.emit (events.js:203:13)
      at IncomingMessage.<anonymous> (C:\Users\Administrator\AppData\Roaming\npm\node_modules\yarn\lib\cli.js:141358:12)
      at Object.onceWrapper (events.js:291:20)
      at IncomingMessage.emit (events.js:208:15)
      at endReadableNT (_stream_readable.js:1161:12)
      at processTicksAndRejections (internal/process/task_queues.js:77:11)

npm manifest: 
  {
    "name": "modeapp",
    "version": "1.0.0",
    "main": "main.js",
    "dependencies": {}
  }

yarn manifest: 
  No manifest

Lockfile: 
  # THIS IS AN AUTOGENERATED FILE. DO NOT EDIT THIS FILE DIRECTLY.
  # yarn lockfile v1
